<?xml version="1.0" encoding="UTF-8"?>
<testsuite xmlns:xsi="http://www.w3.org/2001/XMLSchema-instance" xsi:noNamespaceSchemaLocation="https://maven.apache.org/surefire/maven-surefire-plugin/xsd/surefire-test-report.xsd" name="io.lirc.cloud.server.ServerApplicationTests" time="0.397" tests="1" errors="1" skipped="0" failures="0">
  <properties>
[...]
</properties>
  <testcase name="initializationError" classname="io.lirc.cloud.server.ServerApplicationTests" time="0.017">
    <error message="Found multiple @SpringBootConfiguration annotated classes [Generic bean: class [io.lirc.cloud.server.ServerApplicationTests]; scope=; abstract=false; lazyInit=false; autowireMode=0; dependencyCheck=0; autowireCandidate=true; primary=false; factoryBeanName=null; factoryMethodName=null; initMethodName=null; destroyMethodName=null; defined in file [E:\project\java\java-cloud\server\target\test-classes\io\lirc\cloud\server\ServerApplicationTests.class], Generic bean: class [io.lirc.cloud.server.ServerApplication]; scope=; abstract=false; lazyInit=false; autowireMode=0; dependencyCheck=0; autowireCandidate=true; primary=false; factoryBeanName=null; factoryMethodName=null; initMethodName=null; destroyMethodName=null; defined in file [E:\project\java\java-cloud\server\target\classes\io\lirc\cloud\server\ServerApplication.class]]" type="java.lang.IllegalStateException">java.lang.IllegalStateException: Found multiple @SpringBootConfiguration annotated classes [Generic bean: class [io.lirc.cloud.server.ServerApplicationTests]; scope=; abstract=false; lazyInit=false; autowireMode=0; dependencyCheck=0; autowireCandidate=true; primary=false; factoryBeanName=null; factoryMethodName=null; initMethodName=null; destroyMethodName=null; defined in file [E:\project\java\java-cloud\server\target\test-classes\io\lirc\cloud\server\ServerApplicationTests.class], Generic bean: class [io.lirc.cloud.server.ServerApplication]; scope=; abstract=false; lazyInit=false; autowireMode=0; dependencyCheck=0; autowireCandidate=true; primary=false; factoryBeanName=null; factoryMethodName=null; initMethodName=null; destroyMethodName=null; defined in file [E:\project\java\java-cloud\server\target\classes\io\lirc\cloud\server\ServerApplication.class]]
</error>
    <system-out><![CDATA[09:16:24.895 [main] DEBUG org.springframework.test.context.junit4.SpringJUnit4ClassRunner - SpringJUnit4ClassRunner constructor called with [class io.lirc.cloud.server.ServerApplicationTests]
09:16:24.900 [main] DEBUG org.springframework.test.context.BootstrapUtils - Instantiating CacheAwareContextLoaderDelegate from class [org.springframework.test.context.cache.DefaultCacheAwareContextLoaderDelegate]
09:16:24.907 [main] DEBUG org.springframework.test.context.BootstrapUtils - Instantiating BootstrapContext using constructor [public org.springframework.test.context.support.DefaultBootstrapContext(java.lang.Class,org.springframework.test.context.CacheAwareContextLoaderDelegate)]
09:16:24.926 [main] DEBUG org.springframework.test.context.BootstrapUtils - Instantiating TestContextBootstrapper for test class [io.lirc.cloud.server.ServerApplicationTests] from class [org.springframework.boot.test.context.SpringBootTestContextBootstrapper]
09:16:24.938 [main] INFO org.springframework.boot.test.context.SpringBootTestContextBootstrapper - Neither @ContextConfiguration nor @ContextHierarchy found for test class [io.lirc.cloud.server.ServerApplicationTests], using SpringBootContextLoader
09:16:24.941 [main] DEBUG org.springframework.test.context.support.AbstractContextLoader - Did not detect default resource location for test class [io.lirc.cloud.server.ServerApplicationTests]: class path resource [io/lirc/cloud/server/ServerApplicationTests-context.xml] does not exist
09:16:24.941 [main] DEBUG org.springframework.test.context.support.AbstractContextLoader - Did not detect default resource location for test class [io.lirc.cloud.server.ServerApplicationTests]: class path resource [io/lirc/cloud/server/ServerApplicationTestsContext.groovy] does not exist
09:16:24.942 [main] INFO org.springframework.test.context.support.AbstractContextLoader - Could not detect default resource locations for test class [io.lirc.cloud.server.ServerApplicationTests]: no resource found for suffixes {-context.xml, Context.groovy}.
09:16:24.942 [main] INFO org.springframework.test.context.support.AnnotationConfigContextLoaderUtils - Could not detect default configuration classes for test class [io.lirc.cloud.server.ServerApplicationTests]: ServerApplicationTests does not declare any static, non-private, non-final, nested classes annotated with @Configuration.
09:16:24.982 [main] DEBUG org.springframework.test.context.support.ActiveProfilesUtils - Could not find an 'annotation declaring class' for annotation type [org.springframework.test.context.ActiveProfiles] and class [io.lirc.cloud.server.ServerApplicationTests]
09:16:24.990 [main] DEBUG org.springframework.core.env.StandardEnvironment - Adding PropertySource 'systemProperties' with lowest search precedence
09:16:24.990 [main] DEBUG org.springframework.core.env.StandardEnvironment - Adding PropertySource 'systemEnvironment' with lowest search precedence
09:16:24.990 [main] DEBUG org.springframework.core.env.StandardEnvironment - Initialized StandardEnvironment with PropertySources [MapPropertySource@556529265 {name='systemProperties', properties={idea.version=2017.3.4, java.runtime.name=Java(TM) SE Runtime Environment, sun.boot.library.path=D:\Program Files\Java\jdk1.8.0_161\jre\bin, java.vm.version=25.161-b12, java.vm.vendor=Oracle Corporation, java.vendor.url=http://java.oracle.com/, path.separator=;, java.vm.name=Java HotSpot(TM) 64-Bit Server VM, file.encoding.pkg=sun.io, user.country=CN, user.script=, sun.java.launcher=SUN_STANDARD, sun.os.patch.level=, java.vm.specification.name=Java Virtual Machine Specification, user.dir=E:\project\java\java-cloud\server, java.runtime.version=1.8.0_161-b12, basedir=E:\project\java\java-cloud\server, java.awt.graphicsenv=sun.awt.Win32GraphicsEnvironment, java.endorsed.dirs=D:\Program Files\Java\jdk1.8.0_161\jre\lib\endorsed, os.arch=amd64, surefire.real.class.path=C:\Users\lirc\AppData\Local\Temp\surefire336852238484935969\surefirebooter4147207667672817670.jar, java.io.tmpdir=C:\Users\lirc\AppData\Local\Temp\, line.separator=
, java.vm.specification.vendor=Oracle Corporation, user.variant=, os.name=Windows 10, sun.jnu.encoding=GBK, java.library.path=D:\Program Files\Java\jdk1.8.0_161\jre\bin;C:\WINDOWS\Sun\Java\bin;C:\WINDOWS\system32;C:\WINDOWS;C:\Program Files (x86)\Common Files\Oracle\Java\javapath;C:\ProgramData\Oracle\Java\javapath;C:\WINDOWS\system32;C:\WINDOWS;C:\WINDOWS\System32\Wbem;C:\WINDOWS\System32\WindowsPowerShell\v1.0\;D:\Go\bin;C:\Program Files (x86)\Windows Kits\10\Windows Performance Toolkit\;C:\Program Files\Microsoft SQL Server\130\Tools\Binn\;C:\Program Files\dotnet\;C:\Program Files\Git\cmd;C:\Program Files (x86)\GtkSharp\2.12\bin;D:\Program Files\TortoiseSVN\bin;D:\Program Files\nodejs\;"D:\Program Files\Java\jdk1.8.0_161\bin;";"D:\Program Files\Java\jdk1.8.0_161\jre\bin;";C:\Users\lirc\AppData\Local\Microsoft\WindowsApps;C:\Users\lirc\AppData\Roaming\npm;;., surefire.test.class.path=E:\project\java\java-cloud\server\target\test-classes;E:\project\java\java-cloud\server\target\classes;C:\Users\lirc\.m2\repository\org\springframework\cloud\spring-cloud-starter-netflix-eureka-server\2.0.0.RC2\spring-cloud-starter-netflix-eureka-server-2.0.0.RC2.jar;C:\Users\lirc\.m2\repository\org\springframework\cloud\spring-cloud-starter\2.0.0.RC2\spring-cloud-starter-2.0.0.RC2.jar;C:\Users\lirc\.m2\repository\org\springframework\cloud\spring-cloud-context\2.0.0.RC2\spring-cloud-context-2.0.0.RC2.jar;C:\Users\lirc\.m2\repository\org\springframework\security\spring-security-crypto\5.0.5.RELEASE\spring-security-crypto-5.0.5.RELEASE.jar;C:\Users\lirc\.m2\repository\org\springframework\cloud\spring-cloud-commons\2.0.0.RC2\spring-cloud-commons-2.0.0.RC2.jar;C:\Users\lirc\.m2\repository\org\springframework\security\spring-security-rsa\1.0.5.RELEASE\spring-security-rsa-1.0.5.RELEASE.jar;C:\Users\lirc\.m2\repository\org\bouncycastle\bcpkix-jdk15on\1.56\bcpkix-jdk15on-1.56.jar;C:\Users\lirc\.m2\repository\org\bouncycastle\bcprov-jdk15on\1.56\bcprov-jdk15on-1.56.jar;C:\Users\lirc\.m2\repository\org\springframework\cloud\spring-cloud-netflix-eureka-server\2.0.0.RC2\spring-cloud-netflix-eureka-server-2.0.0.RC2.jar;C:\Users\lirc\.m2\repository\org\springframework\boot\spring-boot-starter-web\2.0.2.RELEASE\spring-boot-starter-web-2.0.2.RELEASE.jar;C:\Users\lirc\.m2\repository\org\springframework\boot\spring-boot-starter-json\2.0.2.RELEASE\spring-boot-starter-json-2.0.2.RELEASE.jar;C:\Users\lirc\.m2\repository\com\fasterxml\jackson\datatype\jackson-datatype-jdk8\2.9.3\jackson-datatype-jdk8-2.9.3.jar;C:\Users\lirc\.m2\repository\com\fasterxml\jackson\datatype\jackson-datatype-jsr310\2.9.3\jackson-datatype-jsr310-2.9.3.jar;C:\Users\lirc\.m2\repository\com\fasterxml\jackson\module\jackson-module-parameter-names\2.9.3\jackson-module-parameter-names-2.9.3.jar;C:\Users\lirc\.m2\repository\org\springframework\boot\spring-boot-starter-tomcat\2.0.2.RELEASE\spring-boot-starter-tomcat-2.0.2.RELEASE.jar;C:\Users\lirc\.m2\repository\org\apache\tomcat\embed\tomcat-embed-core\8.5.31\tomcat-embed-core-8.5.31.jar;C:\Users\lirc\.m2\repository\org\apache\tomcat\embed\tomcat-embed-el\8.5.31\tomcat-embed-el-8.5.31.jar;C:\Users\lirc\.m2\repository\org\apache\tomcat\embed\tomcat-embed-websocket\8.5.31\tomcat-embed-websocket-8.5.31.jar;C:\Users\lirc\.m2\repository\org\hibernate\validator\hibernate-validator\6.0.9.Final\hibernate-validator-6.0.9.Final.jar;C:\Users\lirc\.m2\repository\javax\validation\validation-api\2.0.1.Final\validation-api-2.0.1.Final.jar;C:\Users\lirc\.m2\repository\org\jboss\logging\jboss-logging\3.3.2.Final\jboss-logging-3.3.2.Final.jar;C:\Users\lirc\.m2\repository\com\fasterxml\classmate\1.3.4\classmate-1.3.4.jar;C:\Users\lirc\.m2\repository\org\springframework\spring-web\5.0.6.RELEASE\spring-web-5.0.6.RELEASE.jar;C:\Users\lirc\.m2\repository\org\springframework\spring-beans\5.0.6.RELEASE\spring-beans-5.0.6.RELEASE.jar;C:\Users\lirc\.m2\repository\org\springframework\spring-webmvc\5.0.6.RELEASE\spring-webmvc-5.0.6.RELEASE.jar;C:\Users\lirc\.m2\repository\org\springframework\spring-aop\5.0.6.RELEASE\spring-aop-5.0.6.RELEASE.jar;C:\Users\lirc\.m2\repository\org\springframework\spring-expression\5.0.6.RELEASE\spring-expression-5.0.6.RELEASE.jar;C:\Users\lirc\.m2\repository\org\springframework\boot\spring-boot-starter-actuator\2.0.2.RELEASE\spring-boot-starter-actuator-2.0.2.RELEASE.jar;C:\Users\lirc\.m2\repository\org\springframework\boot\spring-boot-actuator-autoconfigure\2.0.2.RELEASE\spring-boot-actuator-autoconfigure-2.0.2.RELEASE.jar;C:\Users\lirc\.m2\repository\org\springframework\boot\spring-boot-actuator\2.0.2.RELEASE\spring-boot-actuator-2.0.2.RELEASE.jar;C:\Users\lirc\.m2\repository\io\micrometer\micrometer-core\1.0.4\micrometer-core-1.0.4.jar;C:\Users\lirc\.m2\repository\org\hdrhistogram\HdrHistogram\2.1.10\HdrHistogram-2.1.10.jar;C:\Users\lirc\.m2\repository\org\latencyutils\LatencyUtils\2.0.3\LatencyUtils-2.0.3.jar;C:\Users\lirc\.m2\repository\org\springframework\boot\spring-boot-starter-freemarker\2.0.2.RELEASE\spring-boot-starter-freemarker-2.0.2.RELEASE.jar;C:\Users\lirc\.m2\repository\org\freemarker\freemarker\2.3.28\freemarker-2.3.28.jar;C:\Users\lirc\.m2\repository\org\springframework\spring-context-support\5.0.6.RELEASE\spring-context-support-5.0.6.RELEASE.jar;C:\Users\lirc\.m2\repository\org\springframework\cloud\spring-cloud-netflix-core\2.0.0.RC2\spring-cloud-netflix-core-2.0.0.RC2.jar;C:\Users\lirc\.m2\repository\org\springframework\boot\spring-boot-starter-aop\2.0.2.RELEASE\spring-boot-starter-aop-2.0.2.RELEASE.jar;C:\Users\lirc\.m2\repository\org\aspectj\aspectjweaver\1.8.13\aspectjweaver-1.8.13.jar;C:\Users\lirc\.m2\repository\org\springframework\cloud\spring-cloud-netflix-eureka-client\2.0.0.RC2\spring-cloud-netflix-eureka-client-2.0.0.RC2.jar;C:\Users\lirc\.m2\repository\com\netflix\eureka\eureka-client\1.9.0\eureka-client-1.9.0.jar;C:\Users\lirc\.m2\repository\org\codehaus\jettison\jettison\1.3.7\jettison-1.3.7.jar;C:\Users\lirc\.m2\repository\stax\stax-api\1.0.1\stax-api-1.0.1.jar;C:\Users\lirc\.m2\repository\com\netflix\netflix-commons\netflix-eventbus\0.3.0\netflix-eventbus-0.3.0.jar;C:\Users\lirc\.m2\repository\com\netflix\netflix-commons\netflix-infix\0.3.0\netflix-infix-0.3.0.jar;C:\Users\lirc\.m2\repository\commons-jxpath\commons-jxpath\1.3\commons-jxpath-1.3.jar;C:\Users\lirc\.m2\repository\joda-time\joda-time\2.9.9\joda-time-2.9.9.jar;C:\Users\lirc\.m2\repository\org\antlr\antlr-runtime\3.4\antlr-runtime-3.4.jar;C:\Users\lirc\.m2\repository\org\antlr\stringtemplate\3.2.1\stringtemplate-3.2.1.jar;C:\Users\lirc\.m2\repository\antlr\antlr\2.7.7\antlr-2.7.7.jar;C:\Users\lirc\.m2\repository\com\google\code\gson\gson\2.8.4\gson-2.8.4.jar;C:\Users\lirc\.m2\repository\org\apache\commons\commons-math\2.2\commons-math-2.2.jar;C:\Users\lirc\.m2\repository\javax\ws\rs\jsr311-api\1.1.1\jsr311-api-1.1.1.jar;C:\Users\lirc\.m2\repository\com\netflix\servo\servo-core\0.12.21\servo-core-0.12.21.jar;C:\Users\lirc\.m2\repository\com\sun\jersey\jersey-core\1.19.1\jersey-core-1.19.1.jar;C:\Users\lirc\.m2\repository\com\sun\jersey\jersey-client\1.19.1\jersey-client-1.19.1.jar;C:\Users\lirc\.m2\repository\com\sun\jersey\contribs\jersey-apache-client4\1.19.1\jersey-apache-client4-1.19.1.jar;C:\Users\lirc\.m2\repository\org\apache\httpcomponents\httpclient\4.5.5\httpclient-4.5.5.jar;C:\Users\lirc\.m2\repository\org\apache\httpcomponents\httpcore\4.4.9\httpcore-4.4.9.jar;C:\Users\lirc\.m2\repository\commons-codec\commons-codec\1.11\commons-codec-1.11.jar;C:\Users\lirc\.m2\repository\com\google\inject\guice\4.1.0\guice-4.1.0.jar;C:\Users\lirc\.m2\repository\aopalliance\aopalliance\1.0\aopalliance-1.0.jar;C:\Users\lirc\.m2\repository\com\github\vlsi\compactmap\compactmap\1.2.1\compactmap-1.2.1.jar;C:\Users\lirc\.m2\repository\com\github\andrewoma\dexx\dexx-collections\0.2\dexx-collections-0.2.jar;C:\Users\lirc\.m2\repository\com\fasterxml\jackson\core\jackson-annotations\2.9.0\jackson-annotations-2.9.0.jar;C:\Users\lirc\.m2\repository\com\fasterxml\jackson\core\jackson-core\2.9.3\jackson-core-2.9.3.jar;C:\Users\lirc\.m2\repository\com\fasterxml\jackson\core\jackson-databind\2.9.3\jackson-databind-2.9.3.jar;C:\Users\lirc\.m2\repository\com\sun\jersey\jersey-servlet\1.19.1\jersey-servlet-1.19.1.jar;C:\Users\lirc\.m2\repository\com\sun\jersey\jersey-server\1.19.1\jersey-server-1.19.1.jar;C:\Users\lirc\.m2\repository\com\netflix\eureka\eureka-core\1.9.0\eureka-core-1.9.0.jar;C:\Users\lirc\.m2\repository\org\codehaus\woodstox\woodstox-core-asl\4.4.1\woodstox-core-asl-4.4.1.jar;C:\Users\lirc\.m2\repository\javax\xml\stream\stax-api\1.0-2\stax-api-1.0-2.jar;C:\Users\lirc\.m2\repository\com\netflix\archaius\archaius-core\0.7.6\archaius-core-0.7.6.jar;C:\Users\lirc\.m2\repository\com\google\code\findbugs\jsr305\3.0.1\jsr305-3.0.1.jar;C:\Users\lirc\.m2\repository\com\google\guava\guava\16.0\guava-16.0.jar;C:\Users\lirc\.m2\repository\javax\inject\javax.inject\1\javax.inject-1.jar;C:\Users\lirc\.m2\repository\com\fasterxml\jackson\dataformat\jackson-dataformat-xml\2.9.3\jackson-dataformat-xml-2.9.3.jar;C:\Users\lirc\.m2\repository\com\fasterxml\jackson\module\jackson-module-jaxb-annotations\2.9.3\jackson-module-jaxb-annotations-2.9.3.jar;C:\Users\lirc\.m2\repository\org\codehaus\woodstox\stax2-api\3.1.4\stax2-api-3.1.4.jar;C:\Users\lirc\.m2\repository\com\fasterxml\woodstox\woodstox-core\5.0.3\woodstox-core-5.0.3.jar;C:\Users\lirc\.m2\repository\com\thoughtworks\xstream\xstream\1.4.10\xstream-1.4.10.jar;C:\Users\lirc\.m2\repository\xmlpull\xmlpull\1.1.3.1\xmlpull-1.1.3.1.jar;C:\Users\lirc\.m2\repository\xpp3\xpp3_min\1.1.4c\xpp3_min-1.1.4c.jar;C:\Users\lirc\.m2\repository\org\springframework\cloud\spring-cloud-starter-netflix-archaius\2.0.0.RC2\spring-cloud-starter-netflix-archaius-2.0.0.RC2.jar;C:\Users\lirc\.m2\repository\org\springframework\cloud\spring-cloud-netflix-ribbon\2.0.0.RC2\spring-cloud-netflix-ribbon-2.0.0.RC2.jar;C:\Users\lirc\.m2\repository\org\springframework\cloud\spring-cloud-netflix-archaius\2.0.0.RC2\spring-cloud-netflix-archaius-2.0.0.RC2.jar;C:\Users\lirc\.m2\repository\commons-configuration\commons-configuration\1.8\commons-configuration-1.8.jar;C:\Users\lirc\.m2\repository\commons-lang\commons-lang\2.6\commons-lang-2.6.jar;C:\Users\lirc\.m2\repository\org\springframework\cloud\spring-cloud-starter-netflix-ribbon\2.0.0.RC2\spring-cloud-starter-netflix-ribbon-2.0.0.RC2.jar;C:\Users\lirc\.m2\repository\com\netflix\ribbon\ribbon\2.2.5\ribbon-2.2.5.jar;C:\Users\lirc\.m2\repository\com\netflix\ribbon\ribbon-transport\2.2.5\ribbon-transport-2.2.5.jar;C:\Users\lirc\.m2\repository\io\reactivex\rxnetty-contexts\0.4.9\rxnetty-contexts-0.4.9.jar;C:\Users\lirc\.m2\repository\io\reactivex\rxnetty-servo\0.4.9\rxnetty-servo-0.4.9.jar;C:\Users\lirc\.m2\repository\com\netflix\hystrix\hystrix-core\1.5.12\hystrix-core-1.5.12.jar;C:\Users\lirc\.m2\repository\io\reactivex\rxnetty\0.4.9\rxnetty-0.4.9.jar;C:\Users\lirc\.m2\repository\io\netty\netty-codec-http\4.1.24.Final\netty-codec-http-4.1.24.Final.jar;C:\Users\lirc\.m2\repository\io\netty\netty-codec\4.1.24.Final\netty-codec-4.1.24.Final.jar;C:\Users\lirc\.m2\repository\io\netty\netty-transport-native-epoll\4.1.24.Final\netty-transport-native-epoll-4.1.24.Final.jar;C:\Users\lirc\.m2\repository\io\netty\netty-common\4.1.24.Final\netty-common-4.1.24.Final.jar;C:\Users\lirc\.m2\repository\io\netty\netty-buffer\4.1.24.Final\netty-buffer-4.1.24.Final.jar;C:\Users\lirc\.m2\repository\io\netty\netty-transport-native-unix-common\4.1.24.Final\netty-transport-native-unix-common-4.1.24.Final.jar;C:\Users\lirc\.m2\repository\io\netty\netty-transport\4.1.24.Final\netty-transport-4.1.24.Final.jar;C:\Users\lirc\.m2\repository\io\netty\netty-resolver\4.1.24.Final\netty-resolver-4.1.24.Final.jar;C:\Users\lirc\.m2\repository\com\netflix\ribbon\ribbon-core\2.2.5\ribbon-core-2.2.5.jar;C:\Users\lirc\.m2\repository\com\netflix\ribbon\ribbon-httpclient\2.2.5\ribbon-httpclient-2.2.5.jar;C:\Users\lirc\.m2\repository\commons-collections\commons-collections\3.2.2\commons-collections-3.2.2.jar;C:\Users\lirc\.m2\repository\com\netflix\netflix-commons\netflix-commons-util\0.3.0\netflix-commons-util-0.3.0.jar;C:\Users\lirc\.m2\repository\com\netflix\ribbon\ribbon-loadbalancer\2.2.5\ribbon-loadbalancer-2.2.5.jar;C:\Users\lirc\.m2\repository\com\netflix\netflix-commons\netflix-statistics\0.1.1\netflix-statistics-0.1.1.jar;C:\Users\lirc\.m2\repository\io\reactivex\rxjava\1.3.8\rxjava-1.3.8.jar;C:\Users\lirc\.m2\repository\com\netflix\ribbon\ribbon-eureka\2.2.5\ribbon-eureka-2.2.5.jar;C:\Users\lirc\.m2\repository\org\slf4j\slf4j-api\1.7.25\slf4j-api-1.7.25.jar;C:\Users\lirc\.m2\repository\org\projectlombok\lombok\1.16.20\lombok-1.16.20.jar;C:\Users\lirc\.m2\repository\org\springframework\boot\spring-boot-starter-test\2.0.2.RELEASE\spring-boot-starter-test-2.0.2.RELEASE.jar;C:\Users\lirc\.m2\repository\org\springframework\boot\spring-boot-starter\2.0.2.RELEASE\spring-boot-starter-2.0.2.RELEASE.jar;C:\Users\lirc\.m2\repository\org\springframework\boot\spring-boot\2.0.2.RELEASE\spring-boot-2.0.2.RELEASE.jar;C:\Users\lirc\.m2\repository\org\springframework\spring-context\5.0.6.RELEASE\spring-context-5.0.6.RELEASE.jar;C:\Users\lirc\.m2\repository\org\springframework\boot\spring-boot-autoconfigure\2.0.2.RELEASE\spring-boot-autoconfigure-2.0.2.RELEASE.jar;C:\Users\lirc\.m2\repository\org\springframework\boot\spring-boot-starter-logging\2.0.2.RELEASE\spring-boot-starter-logging-2.0.2.RELEASE.jar;C:\Users\lirc\.m2\repository\ch\qos\logback\logback-classic\1.2.3\logback-classic-1.2.3.jar;C:\Users\lirc\.m2\repository\ch\qos\logback\logback-core\1.2.3\logback-core-1.2.3.jar;C:\Users\lirc\.m2\repository\org\apache\logging\log4j\log4j-to-slf4j\2.10.0\log4j-to-slf4j-2.10.0.jar;C:\Users\lirc\.m2\repository\org\apache\logging\log4j\log4j-api\2.10.0\log4j-api-2.10.0.jar;C:\Users\lirc\.m2\repository\org\slf4j\jul-to-slf4j\1.7.25\jul-to-slf4j-1.7.25.jar;C:\Users\lirc\.m2\repository\javax\annotation\javax.annotation-api\1.3.2\javax.annotation-api-1.3.2.jar;C:\Users\lirc\.m2\repository\org\yaml\snakeyaml\1.19\snakeyaml-1.19.jar;C:\Users\lirc\.m2\repository\org\springframework\boot\spring-boot-test\2.0.2.RELEASE\spring-boot-test-2.0.2.RELEASE.jar;C:\Users\lirc\.m2\repository\org\springframework\boot\spring-boot-test-autoconfigure\2.0.2.RELEASE\spring-boot-test-autoconfigure-2.0.2.RELEASE.jar;C:\Users\lirc\.m2\repository\com\jayway\jsonpath\json-path\2.4.0\json-path-2.4.0.jar;C:\Users\lirc\.m2\repository\net\minidev\json-smart\2.3\json-smart-2.3.jar;C:\Users\lirc\.m2\repository\net\minidev\accessors-smart\1.2\accessors-smart-1.2.jar;C:\Users\lirc\.m2\repository\org\ow2\asm\asm\5.0.4\asm-5.0.4.jar;C:\Users\lirc\.m2\repository\junit\junit\4.12\junit-4.12.jar;C:\Users\lirc\.m2\repository\org\assertj\assertj-core\3.9.1\assertj-core-3.9.1.jar;C:\Users\lirc\.m2\repository\org\mockito\mockito-core\2.15.0\mockito-core-2.15.0.jar;C:\Users\lirc\.m2\repository\net\bytebuddy\byte-buddy\1.7.11\byte-buddy-1.7.11.jar;C:\Users\lirc\.m2\repository\net\bytebuddy\byte-buddy-agent\1.7.11\byte-buddy-agent-1.7.11.jar;C:\Users\lirc\.m2\repository\org\objenesis\objenesis\2.6\objenesis-2.6.jar;C:\Users\lirc\.m2\repository\org\hamcrest\hamcrest-core\1.3\hamcrest-core-1.3.jar;C:\Users\lirc\.m2\repository\org\hamcrest\hamcrest-library\1.3\hamcrest-library-1.3.jar;C:\Users\lirc\.m2\repository\org\skyscreamer\jsonassert\1.5.0\jsonassert-1.5.0.jar;C:\Users\lirc\.m2\repository\com\vaadin\external\google\android-json\0.0.20131108.vaadin1\android-json-0.0.20131108.vaadin1.jar;C:\Users\lirc\.m2\repository\org\springframework\spring-core\5.0.6.RELEASE\spring-core-5.0.6.RELEASE.jar;C:\Users\lirc\.m2\repository\org\springframework\spring-jcl\5.0.6.RELEASE\spring-jcl-5.0.6.RELEASE.jar;C:\Users\lirc\.m2\repository\org\springframework\spring-test\5.0.6.RELEASE\spring-test-5.0.6.RELEASE.jar;C:\Users\lirc\.m2\repository\org\xmlunit\xmlunit-core\2.5.1\xmlunit-core-2.5.1.jar;, java.specification.name=Java Platform API Specification, java.class.version=52.0, sun.management.compiler=HotSpot 64-Bit Tiered Compilers, os.version=10.0, user.home=C:\Users\lirc, user.timezone=Asia/Shanghai, java.awt.printerjob=sun.awt.windows.WPrinterJob, file.encoding=GBK, java.specification.version=1.8, java.class.path=E:\project\java\java-cloud\server\target\test-classes;E:\project\java\java-cloud\server\target\classes;C:\Users\lirc\.m2\repository\org\springframework\cloud\spring-cloud-starter-netflix-eureka-server\2.0.0.RC2\spring-cloud-starter-netflix-eureka-server-2.0.0.RC2.jar;C:\Users\lirc\.m2\repository\org\springframework\cloud\spring-cloud-starter\2.0.0.RC2\spring-cloud-starter-2.0.0.RC2.jar;C:\Users\lirc\.m2\repository\org\springframework\cloud\spring-cloud-context\2.0.0.RC2\spring-cloud-context-2.0.0.RC2.jar;C:\Users\lirc\.m2\repository\org\springframework\security\spring-security-crypto\5.0.5.RELEASE\spring-security-crypto-5.0.5.RELEASE.jar;C:\Users\lirc\.m2\repository\org\springframework\cloud\spring-cloud-commons\2.0.0.RC2\spring-cloud-commons-2.0.0.RC2.jar;C:\Users\lirc\.m2\repository\org\springframework\security\spring-security-rsa\1.0.5.RELEASE\spring-security-rsa-1.0.5.RELEASE.jar;C:\Users\lirc\.m2\repository\org\bouncycastle\bcpkix-jdk15on\1.56\bcpkix-jdk15on-1.56.jar;C:\Users\lirc\.m2\repository\org\bouncycastle\bcprov-jdk15on\1.56\bcprov-jdk15on-1.56.jar;C:\Users\lirc\.m2\repository\org\springframework\cloud\spring-cloud-netflix-eureka-server\2.0.0.RC2\spring-cloud-netflix-eureka-server-2.0.0.RC2.jar;C:\Users\lirc\.m2\repository\org\springframework\boot\spring-boot-starter-web\2.0.2.RELEASE\spring-boot-starter-web-2.0.2.RELEASE.jar;C:\Users\lirc\.m2\repository\org\springframework\boot\spring-boot-starter-json\2.0.2.RELEASE\spring-boot-starter-json-2.0.2.RELEASE.jar;C:\Users\lirc\.m2\repository\com\fasterxml\jackson\datatype\jackson-datatype-jdk8\2.9.3\jackson-datatype-jdk8-2.9.3.jar;C:\Users\lirc\.m2\repository\com\fasterxml\jackson\datatype\jackson-datatype-jsr310\2.9.3\jackson-datatype-jsr310-2.9.3.jar;C:\Users\lirc\.m2\repository\com\fasterxml\jackson\module\jackson-module-parameter-names\2.9.3\jackson-module-parameter-names-2.9.3.jar;C:\Users\lirc\.m2\repository\org\springframework\boot\spring-boot-starter-tomcat\2.0.2.RELEASE\spring-boot-starter-tomcat-2.0.2.RELEASE.jar;C:\Users\lirc\.m2\repository\org\apache\tomcat\embed\tomcat-embed-core\8.5.31\tomcat-embed-core-8.5.31.jar;C:\Users\lirc\.m2\repository\org\apache\tomcat\embed\tomcat-embed-el\8.5.31\tomcat-embed-el-8.5.31.jar;C:\Users\lirc\.m2\repository\org\apache\tomcat\embed\tomcat-embed-websocket\8.5.31\tomcat-embed-websocket-8.5.31.jar;C:\Users\lirc\.m2\repository\org\hibernate\validator\hibernate-validator\6.0.9.Final\hibernate-validator-6.0.9.Final.jar;C:\Users\lirc\.m2\repository\javax\validation\validation-api\2.0.1.Final\validation-api-2.0.1.Final.jar;C:\Users\lirc\.m2\repository\org\jboss\logging\jboss-logging\3.3.2.Final\jboss-logging-3.3.2.Final.jar;C:\Users\lirc\.m2\repository\com\fasterxml\classmate\1.3.4\classmate-1.3.4.jar;C:\Users\lirc\.m2\repository\org\springframework\spring-web\5.0.6.RELEASE\spring-web-5.0.6.RELEASE.jar;C:\Users\lirc\.m2\repository\org\springframework\spring-beans\5.0.6.RELEASE\spring-beans-5.0.6.RELEASE.jar;C:\Users\lirc\.m2\repository\org\springframework\spring-webmvc\5.0.6.RELEASE\spring-webmvc-5.0.6.RELEASE.jar;C:\Users\lirc\.m2\repository\org\springframework\spring-aop\5.0.6.RELEASE\spring-aop-5.0.6.RELEASE.jar;C:\Users\lirc\.m2\repository\org\springframework\spring-expression\5.0.6.RELEASE\spring-expression-5.0.6.RELEASE.jar;C:\Users\lirc\.m2\repository\org\springframework\boot\spring-boot-starter-actuator\2.0.2.RELEASE\spring-boot-starter-actuator-2.0.2.RELEASE.jar;C:\Users\lirc\.m2\repository\org\springframework\boot\spring-boot-actuator-autoconfigure\2.0.2.RELEASE\spring-boot-actuator-autoconfigure-2.0.2.RELEASE.jar;C:\Users\lirc\.m2\repository\org\springframework\boot\spring-boot-actuator\2.0.2.RELEASE\spring-boot-actuator-2.0.2.RELEASE.jar;C:\Users\lirc\.m2\repository\io\micrometer\micrometer-core\1.0.4\micrometer-core-1.0.4.jar;C:\Users\lirc\.m2\repository\org\hdrhistogram\HdrHistogram\2.1.10\HdrHistogram-2.1.10.jar;C:\Users\lirc\.m2\repository\org\latencyutils\LatencyUtils\2.0.3\LatencyUtils-2.0.3.jar;C:\Users\lirc\.m2\repository\org\springframework\boot\spring-boot-starter-freemarker\2.0.2.RELEASE\spring-boot-starter-freemarker-2.0.2.RELEASE.jar;C:\Users\lirc\.m2\repository\org\freemarker\freemarker\2.3.28\freemarker-2.3.28.jar;C:\Users\lirc\.m2\repository\org\springframework\spring-context-support\5.0.6.RELEASE\spring-context-support-5.0.6.RELEASE.jar;C:\Users\lirc\.m2\repository\org\springframework\cloud\spring-cloud-netflix-core\2.0.0.RC2\spring-cloud-netflix-core-2.0.0.RC2.jar;C:\Users\lirc\.m2\repository\org\springframework\boot\spring-boot-starter-aop\2.0.2.RELEASE\spring-boot-starter-aop-2.0.2.RELEASE.jar;C:\Users\lirc\.m2\repository\org\aspectj\aspectjweaver\1.8.13\aspectjweaver-1.8.13.jar;C:\Users\lirc\.m2\repository\org\springframework\cloud\spring-cloud-netflix-eureka-client\2.0.0.RC2\spring-cloud-netflix-eureka-client-2.0.0.RC2.jar;C:\Users\lirc\.m2\repository\com\netflix\eureka\eureka-client\1.9.0\eureka-client-1.9.0.jar;C:\Users\lirc\.m2\repository\org\codehaus\jettison\jettison\1.3.7\jettison-1.3.7.jar;C:\Users\lirc\.m2\repository\stax\stax-api\1.0.1\stax-api-1.0.1.jar;C:\Users\lirc\.m2\repository\com\netflix\netflix-commons\netflix-eventbus\0.3.0\netflix-eventbus-0.3.0.jar;C:\Users\lirc\.m2\repository\com\netflix\netflix-commons\netflix-infix\0.3.0\netflix-infix-0.3.0.jar;C:\Users\lirc\.m2\repository\commons-jxpath\commons-jxpath\1.3\commons-jxpath-1.3.jar;C:\Users\lirc\.m2\repository\joda-time\joda-time\2.9.9\joda-time-2.9.9.jar;C:\Users\lirc\.m2\repository\org\antlr\antlr-runtime\3.4\antlr-runtime-3.4.jar;C:\Users\lirc\.m2\repository\org\antlr\stringtemplate\3.2.1\stringtemplate-3.2.1.jar;C:\Users\lirc\.m2\repository\antlr\antlr\2.7.7\antlr-2.7.7.jar;C:\Users\lirc\.m2\repository\com\google\code\gson\gson\2.8.4\gson-2.8.4.jar;C:\Users\lirc\.m2\repository\org\apache\commons\commons-math\2.2\commons-math-2.2.jar;C:\Users\lirc\.m2\repository\javax\ws\rs\jsr311-api\1.1.1\jsr311-api-1.1.1.jar;C:\Users\lirc\.m2\repository\com\netflix\servo\servo-core\0.12.21\servo-core-0.12.21.jar;C:\Users\lirc\.m2\repository\com\sun\jersey\jersey-core\1.19.1\jersey-core-1.19.1.jar;C:\Users\lirc\.m2\repository\com\sun\jersey\jersey-client\1.19.1\jersey-client-1.19.1.jar;C:\Users\lirc\.m2\repository\com\sun\jersey\contribs\jersey-apache-client4\1.19.1\jersey-apache-client4-1.19.1.jar;C:\Users\lirc\.m2\repository\org\apache\httpcomponents\httpclient\4.5.5\httpclient-4.5.5.jar;C:\Users\lirc\.m2\repository\org\apache\httpcomponents\httpcore\4.4.9\httpcore-4.4.9.jar;C:\Users\lirc\.m2\repository\commons-codec\commons-codec\1.11\commons-codec-1.11.jar;C:\Users\lirc\.m2\repository\com\google\inject\guice\4.1.0\guice-4.1.0.jar;C:\Users\lirc\.m2\repository\aopalliance\aopalliance\1.0\aopalliance-1.0.jar;C:\Users\lirc\.m2\repository\com\github\vlsi\compactmap\compactmap\1.2.1\compactmap-1.2.1.jar;C:\Users\lirc\.m2\repository\com\github\andrewoma\dexx\dexx-collections\0.2\dexx-collections-0.2.jar;C:\Users\lirc\.m2\repository\com\fasterxml\jackson\core\jackson-annotations\2.9.0\jackson-annotations-2.9.0.jar;C:\Users\lirc\.m2\repository\com\fasterxml\jackson\core\jackson-core\2.9.3\jackson-core-2.9.3.jar;C:\Users\lirc\.m2\repository\com\fasterxml\jackson\core\jackson-databind\2.9.3\jackson-databind-2.9.3.jar;C:\Users\lirc\.m2\repository\com\sun\jersey\jersey-servlet\1.19.1\jersey-servlet-1.19.1.jar;C:\Users\lirc\.m2\repository\com\sun\jersey\jersey-server\1.19.1\jersey-server-1.19.1.jar;C:\Users\lirc\.m2\repository\com\netflix\eureka\eureka-core\1.9.0\eureka-core-1.9.0.jar;C:\Users\lirc\.m2\repository\org\codehaus\woodstox\woodstox-core-asl\4.4.1\woodstox-core-asl-4.4.1.jar;C:\Users\lirc\.m2\repository\javax\xml\stream\stax-api\1.0-2\stax-api-1.0-2.jar;C:\Users\lirc\.m2\repository\com\netflix\archaius\archaius-core\0.7.6\archaius-core-0.7.6.jar;C:\Users\lirc\.m2\repository\com\google\code\findbugs\jsr305\3.0.1\jsr305-3.0.1.jar;C:\Users\lirc\.m2\repository\com\google\guava\guava\16.0\guava-16.0.jar;C:\Users\lirc\.m2\repository\javax\inject\javax.inject\1\javax.inject-1.jar;C:\Users\lirc\.m2\repository\com\fasterxml\jackson\dataformat\jackson-dataformat-xml\2.9.3\jackson-dataformat-xml-2.9.3.jar;C:\Users\lirc\.m2\repository\com\fasterxml\jackson\module\jackson-module-jaxb-annotations\2.9.3\jackson-module-jaxb-annotations-2.9.3.jar;C:\Users\lirc\.m2\repository\org\codehaus\woodstox\stax2-api\3.1.4\stax2-api-3.1.4.jar;C:\Users\lirc\.m2\repository\com\fasterxml\woodstox\woodstox-core\5.0.3\woodstox-core-5.0.3.jar;C:\Users\lirc\.m2\repository\com\thoughtworks\xstream\xstream\1.4.10\xstream-1.4.10.jar;C:\Users\lirc\.m2\repository\xmlpull\xmlpull\1.1.3.1\xmlpull-1.1.3.1.jar;C:\Users\lirc\.m2\repository\xpp3\xpp3_min\1.1.4c\xpp3_min-1.1.4c.jar;C:\Users\lirc\.m2\repository\org\springframework\cloud\spring-cloud-starter-netflix-archaius\2.0.0.RC2\spring-cloud-starter-netflix-archaius-2.0.0.RC2.jar;C:\Users\lirc\.m2\repository\org\springframework\cloud\spring-cloud-netflix-ribbon\2.0.0.RC2\spring-cloud-netflix-ribbon-2.0.0.RC2.jar;C:\Users\lirc\.m2\repository\org\springframework\cloud\spring-cloud-netflix-archaius\2.0.0.RC2\spring-cloud-netflix-archaius-2.0.0.RC2.jar;C:\Users\lirc\.m2\repository\commons-configuration\commons-configuration\1.8\commons-configuration-1.8.jar;C:\Users\lirc\.m2\repository\commons-lang\commons-lang\2.6\commons-lang-2.6.jar;C:\Users\lirc\.m2\repository\org\springframework\cloud\spring-cloud-starter-netflix-ribbon\2.0.0.RC2\spring-cloud-starter-netflix-ribbon-2.0.0.RC2.jar;C:\Users\lirc\.m2\repository\com\netflix\ribbon\ribbon\2.2.5\ribbon-2.2.5.jar;C:\Users\lirc\.m2\repository\com\netflix\ribbon\ribbon-transport\2.2.5\ribbon-transport-2.2.5.jar;C:\Users\lirc\.m2\repository\io\reactivex\rxnetty-contexts\0.4.9\rxnetty-contexts-0.4.9.jar;C:\Users\lirc\.m2\repository\io\reactivex\rxnetty-servo\0.4.9\rxnetty-servo-0.4.9.jar;C:\Users\lirc\.m2\repository\com\netflix\hystrix\hystrix-core\1.5.12\hystrix-core-1.5.12.jar;C:\Users\lirc\.m2\repository\io\reactivex\rxnetty\0.4.9\rxnetty-0.4.9.jar;C:\Users\lirc\.m2\repository\io\netty\netty-codec-http\4.1.24.Final\netty-codec-http-4.1.24.Final.jar;C:\Users\lirc\.m2\repository\io\netty\netty-codec\4.1.24.Final\netty-codec-4.1.24.Final.jar;C:\Users\lirc\.m2\repository\io\netty\netty-transport-native-epoll\4.1.24.Final\netty-transport-native-epoll-4.1.24.Final.jar;C:\Users\lirc\.m2\repository\io\netty\netty-common\4.1.24.Final\netty-common-4.1.24.Final.jar;C:\Users\lirc\.m2\repository\io\netty\netty-buffer\4.1.24.Final\netty-buffer-4.1.24.Final.jar;C:\Users\lirc\.m2\repository\io\netty\netty-transport-native-unix-common\4.1.24.Final\netty-transport-native-unix-common-4.1.24.Final.jar;C:\Users\lirc\.m2\repository\io\netty\netty-transport\4.1.24.Final\netty-transport-4.1.24.Final.jar;C:\Users\lirc\.m2\repository\io\netty\netty-resolver\4.1.24.Final\netty-resolver-4.1.24.Final.jar;C:\Users\lirc\.m2\repository\com\netflix\ribbon\ribbon-core\2.2.5\ribbon-core-2.2.5.jar;C:\Users\lirc\.m2\repository\com\netflix\ribbon\ribbon-httpclient\2.2.5\ribbon-httpclient-2.2.5.jar;C:\Users\lirc\.m2\repository\commons-collections\commons-collections\3.2.2\commons-collections-3.2.2.jar;C:\Users\lirc\.m2\repository\com\netflix\netflix-commons\netflix-commons-util\0.3.0\netflix-commons-util-0.3.0.jar;C:\Users\lirc\.m2\repository\com\netflix\ribbon\ribbon-loadbalancer\2.2.5\ribbon-loadbalancer-2.2.5.jar;C:\Users\lirc\.m2\repository\com\netflix\netflix-commons\netflix-statistics\0.1.1\netflix-statistics-0.1.1.jar;C:\Users\lirc\.m2\repository\io\reactivex\rxjava\1.3.8\rxjava-1.3.8.jar;C:\Users\lirc\.m2\repository\com\netflix\ribbon\ribbon-eureka\2.2.5\ribbon-eureka-2.2.5.jar;C:\Users\lirc\.m2\repository\org\slf4j\slf4j-api\1.7.25\slf4j-api-1.7.25.jar;C:\Users\lirc\.m2\repository\org\projectlombok\lombok\1.16.20\lombok-1.16.20.jar;C:\Users\lirc\.m2\repository\org\springframework\boot\spring-boot-starter-test\2.0.2.RELEASE\spring-boot-starter-test-2.0.2.RELEASE.jar;C:\Users\lirc\.m2\repository\org\springframework\boot\spring-boot-starter\2.0.2.RELEASE\spring-boot-starter-2.0.2.RELEASE.jar;C:\Users\lirc\.m2\repository\org\springframework\boot\spring-boot\2.0.2.RELEASE\spring-boot-2.0.2.RELEASE.jar;C:\Users\lirc\.m2\repository\org\springframework\spring-context\5.0.6.RELEASE\spring-context-5.0.6.RELEASE.jar;C:\Users\lirc\.m2\repository\org\springframework\boot\spring-boot-autoconfigure\2.0.2.RELEASE\spring-boot-autoconfigure-2.0.2.RELEASE.jar;C:\Users\lirc\.m2\repository\org\springframework\boot\spring-boot-starter-logging\2.0.2.RELEASE\spring-boot-starter-logging-2.0.2.RELEASE.jar;C:\Users\lirc\.m2\repository\ch\qos\logback\logback-classic\1.2.3\logback-classic-1.2.3.jar;C:\Users\lirc\.m2\repository\ch\qos\logback\logback-core\1.2.3\logback-core-1.2.3.jar;C:\Users\lirc\.m2\repository\org\apache\logging\log4j\log4j-to-slf4j\2.10.0\log4j-to-slf4j-2.10.0.jar;C:\Users\lirc\.m2\repository\org\apache\logging\log4j\log4j-api\2.10.0\log4j-api-2.10.0.jar;C:\Users\lirc\.m2\repository\org\slf4j\jul-to-slf4j\1.7.25\jul-to-slf4j-1.7.25.jar;C:\Users\lirc\.m2\repository\javax\annotation\javax.annotation-api\1.3.2\javax.annotation-api-1.3.2.jar;C:\Users\lirc\.m2\repository\org\yaml\snakeyaml\1.19\snakeyaml-1.19.jar;C:\Users\lirc\.m2\repository\org\springframework\boot\spring-boot-test\2.0.2.RELEASE\spring-boot-test-2.0.2.RELEASE.jar;C:\Users\lirc\.m2\repository\org\springframework\boot\spring-boot-test-autoconfigure\2.0.2.RELEASE\spring-boot-test-autoconfigure-2.0.2.RELEASE.jar;C:\Users\lirc\.m2\repository\com\jayway\jsonpath\json-path\2.4.0\json-path-2.4.0.jar;C:\Users\lirc\.m2\repository\net\minidev\json-smart\2.3\json-smart-2.3.jar;C:\Users\lirc\.m2\repository\net\minidev\accessors-smart\1.2\accessors-smart-1.2.jar;C:\Users\lirc\.m2\repository\org\ow2\asm\asm\5.0.4\asm-5.0.4.jar;C:\Users\lirc\.m2\repository\junit\junit\4.12\junit-4.12.jar;C:\Users\lirc\.m2\repository\org\assertj\assertj-core\3.9.1\assertj-core-3.9.1.jar;C:\Users\lirc\.m2\repository\org\mockito\mockito-core\2.15.0\mockito-core-2.15.0.jar;C:\Users\lirc\.m2\repository\net\bytebuddy\byte-buddy\1.7.11\byte-buddy-1.7.11.jar;C:\Users\lirc\.m2\repository\net\bytebuddy\byte-buddy-agent\1.7.11\byte-buddy-agent-1.7.11.jar;C:\Users\lirc\.m2\repository\org\objenesis\objenesis\2.6\objenesis-2.6.jar;C:\Users\lirc\.m2\repository\org\hamcrest\hamcrest-core\1.3\hamcrest-core-1.3.jar;C:\Users\lirc\.m2\repository\org\hamcrest\hamcrest-library\1.3\hamcrest-library-1.3.jar;C:\Users\lirc\.m2\repository\org\skyscreamer\jsonassert\1.5.0\jsonassert-1.5.0.jar;C:\Users\lirc\.m2\repository\com\vaadin\external\google\android-json\0.0.20131108.vaadin1\android-json-0.0.20131108.vaadin1.jar;C:\Users\lirc\.m2\repository\org\springframework\spring-core\5.0.6.RELEASE\spring-core-5.0.6.RELEASE.jar;C:\Users\lirc\.m2\repository\org\springframework\spring-jcl\5.0.6.RELEASE\spring-jcl-5.0.6.RELEASE.jar;C:\Users\lirc\.m2\repository\org\springframework\spring-test\5.0.6.RELEASE\spring-test-5.0.6.RELEASE.jar;C:\Users\lirc\.m2\repository\org\xmlunit\xmlunit-core\2.5.1\xmlunit-core-2.5.1.jar;, user.name=lirc, java.vm.specification.version=1.8, sun.java.command=C:\Users\lirc\AppData\Local\Temp\surefire336852238484935969\surefirebooter4147207667672817670.jar C:\Users\lirc\AppData\Local\Temp\surefire336852238484935969 2018-06-10T09-16-23_863-jvmRun1 surefire3790329925913297584tmp surefire_09152820915600659399tmp, java.home=D:\Program Files\Java\jdk1.8.0_161\jre, sun.arch.data.model=64, user.language=zh, java.specification.vendor=Oracle Corporation, awt.toolkit=sun.awt.windows.WToolkit, java.vm.info=mixed mode, java.version=1.8.0_161, java.ext.dirs=D:\Program Files\Java\jdk1.8.0_161\jre\lib\ext;C:\WINDOWS\Sun\Java\lib\ext, sun.boot.class.path=D:\Program Files\Java\jdk1.8.0_161\jre\lib\resources.jar;D:\Program Files\Java\jdk1.8.0_161\jre\lib\rt.jar;D:\Program Files\Java\jdk1.8.0_161\jre\lib\sunrsasign.jar;D:\Program Files\Java\jdk1.8.0_161\jre\lib\jsse.jar;D:\Program Files\Java\jdk1.8.0_161\jre\lib\jce.jar;D:\Program Files\Java\jdk1.8.0_161\jre\lib\charsets.jar;D:\Program Files\Java\jdk1.8.0_161\jre\lib\jfr.jar;D:\Program Files\Java\jdk1.8.0_161\jre\classes, java.vendor=Oracle Corporation, localRepository=C:\Users\lirc\.m2\repository, file.separator=\, java.vendor.url.bug=http://bugreport.sun.com/bugreport/, sun.io.unicode.encoding=UnicodeLittle, sun.cpu.endian=little, sun.desktop=windows, sun.cpu.isalist=amd64}}, SystemEnvironmentPropertySource@346224929 {name='systemEnvironment', properties={PATH=C:\Program Files (x86)\Common Files\Oracle\Java\javapath;C:\ProgramData\Oracle\Java\javapath;C:\WINDOWS\system32;C:\WINDOWS;C:\WINDOWS\System32\Wbem;C:\WINDOWS\System32\WindowsPowerShell\v1.0\;D:\Go\bin;C:\Program Files (x86)\Windows Kits\10\Windows Performance Toolkit\;C:\Program Files\Microsoft SQL Server\130\Tools\Binn\;C:\Program Files\dotnet\;C:\Program Files\Git\cmd;C:\Program Files (x86)\GtkSharp\2.12\bin;D:\Program Files\TortoiseSVN\bin;D:\Program Files\nodejs\;"D:\Program Files\Java\jdk1.8.0_161\bin;";"D:\Program Files\Java\jdk1.8.0_161\jre\bin;";C:\Users\lirc\AppData\Local\Microsoft\WindowsApps;C:\Users\lirc\AppData\Roaming\npm;, USERDOMAIN_ROAMINGPROFILE=LIRC-ROOM, LOCALAPPDATA=C:\Users\lirc\AppData\Local, PROCESSOR_LEVEL=6, SYSTEMDRIVE=C:, COMMONPROGRAMFILES(X86)=C:\Program Files (x86)\Common Files, USERDOMAIN=LIRC-ROOM, FPS_BROWSER_APP_PROFILE_STRING=Internet Explorer, LOGONSERVER=\\LIRC-ROOM, JAVA_HOME=D:\Program Files\Java\jdk1.8.0_161, PROMPT=$P$G, SESSIONNAME=Console, ALLUSERSPROFILE=C:\ProgramData, PROGRAMFILES(X86)=C:\Program Files (x86), PROCESSOR_ARCHITECTURE=AMD64, =E:=E:\project\java\java-cloud\server, PROGRAMFILES=C:\Program Files, APPDATA=C:\Users\lirc\AppData\Roaming, PSMODULEPATH=C:\Program Files\WindowsPowerShell\Modules;C:\WINDOWS\system32\WindowsPowerShell\v1.0\Modules, PROGRAMW6432=C:\Program Files, GTK_BASEPATH=C:\Program Files (x86)\GtkSharp\2.12\, PROGRAMDATA=C:\ProgramData, SYSTEMROOT=C:\WINDOWS, USERNAME=lirc, FPS_BROWSER_USER_PROFILE_STRING=Default, ONEDRIVE=C:\Users\lirc\OneDrive, PATHEXT=.COM;.EXE;.BAT;.CMD;.VBS;.VBE;.JS;.JSE;.WSF;.WSH;.MSC, OS=Windows_NT, COMMONPROGRAMW6432=C:\Program Files\Common Files, COMPUTERNAME=LIRC-ROOM, COMMONPROGRAMFILES=C:\Program Files\Common Files, COMSPEC=C:\WINDOWS\system32\cmd.exe, PROCESSOR_REVISION=5e03, CLASSPATH=.;D:\Program Files\Java\jdk1.8.0_161\lib\dt.jar;D:\Program Files\Java\jdk1.8.0_161\lib\tools.jar; , GOROOT=D:\Go\, WINDIR=C:\WINDOWS, HOMEPATH=\Users\lirc, TEMP=C:\Users\lirc\AppData\Local\Temp, HOMEDRIVE=C:, PROCESSOR_IDENTIFIER=Intel64 Family 6 Model 94 Stepping 3, GenuineIntel, USERPROFILE=C:\Users\lirc, TMP=C:\Users\lirc\AppData\Local\Temp, PUBLIC=C:\Users\Public, NUMBER_OF_PROCESSORS=4, =::=::\}}]
09:16:25.001 [main] DEBUG org.springframework.core.io.support.PathMatchingResourcePatternResolver - Resolved classpath location [io/lirc/cloud/server/] to resources [URL [file:/E:/project/java/java-cloud/server/target/test-classes/io/lirc/cloud/server/], URL [file:/E:/project/java/java-cloud/server/target/classes/io/lirc/cloud/server/]]
09:16:25.001 [main] DEBUG org.springframework.core.io.support.PathMatchingResourcePatternResolver - Looking for matching resources in directory tree [E:\project\java\java-cloud\server\target\test-classes\io\lirc\cloud\server]
09:16:25.001 [main] DEBUG org.springframework.core.io.support.PathMatchingResourcePatternResolver - Searching directory [E:\project\java\java-cloud\server\target\test-classes\io\lirc\cloud\server] for files matching pattern [E:/project/java/java-cloud/server/target/test-classes/io/lirc/cloud/server/*.class]
09:16:25.003 [main] DEBUG org.springframework.core.io.support.PathMatchingResourcePatternResolver - Looking for matching resources in directory tree [E:\project\java\java-cloud\server\target\classes\io\lirc\cloud\server]
09:16:25.003 [main] DEBUG org.springframework.core.io.support.PathMatchingResourcePatternResolver - Searching directory [E:\project\java\java-cloud\server\target\classes\io\lirc\cloud\server] for files matching pattern [E:/project/java/java-cloud/server/target/classes/io/lirc/cloud/server/*.class]
09:16:25.004 [main] DEBUG org.springframework.core.io.support.PathMatchingResourcePatternResolver - Resolved location pattern [classpath*:io/lirc/cloud/server/*.class] to resources [file [E:\project\java\java-cloud\server\target\test-classes\io\lirc\cloud\server\ServerApplicationTests.class], file [E:\project\java\java-cloud\server\target\classes\io\lirc\cloud\server\ServerApplication.class]]
09:16:25.028 [main] DEBUG org.springframework.context.annotation.ClassPathScanningCandidateComponentProvider - Identified candidate component class: file [E:\project\java\java-cloud\server\target\test-classes\io\lirc\cloud\server\ServerApplicationTests.class]
09:16:25.046 [main] DEBUG org.springframework.context.annotation.ClassPathScanningCandidateComponentProvider - Identified candidate component class: file [E:\project\java\java-cloud\server\target\classes\io\lirc\cloud\server\ServerApplication.class]
]]></system-out>
  </testcase>
</testsuite>